Build started 3/29/2013 12:38:35 PM.
     1>Project "C:\Users\Michael\Desktop\Git\render-target\Tutorial0510_2010.vcxproj" on node 2 (build target(s)).
     1>InitializeBuildStatus:
         Creating "Debug\Tutorial0510.unsuccessfulbuild" because "AlwaysCreate" was specified.
       ClCompile:
         D:\Programs\Microsoft Visual Studio 10.0\VC\bin\CL.exe /c /I"C:\Program Files\Autodesk\FBX\FBX SDK\2013.3\include\fbxsdk\\" /I"C:\Program Files\Autodesk\FBX\FBX SDK\2013.3\include" /IDXUT\Core /IDXUT\Optional /ZI /nologo /W4 /WX- /Od /Oi /Oy- /D WIN32 /D _DEBUG /D DEBUG /D PROFILE /D _WINDOWS /D D3DXFX_LARGEADDRESS_HANDLE /D _UNICODE /D UNICODE /Gm- /EHsc /RTC1 /MDd /GS /arch:SSE2 /fp:fast /Zc:wchar_t /Zc:forScope /openmp- /Fo"Debug\\" /Fd"Debug\vc100.pdb" /Gd /TP /analyze- /errorReport:prompt importer.cpp Tutorial0510.cpp  
         importer.cpp
         IMPORTANT NOTE: The FBX SDK API changed substantially. Please define FBXSDK_NEW_API in your project and fix compilation errors as instructed in fbxsdk_compatibility.h.
     1>c:\users\michael\desktop\git\render-target\importer.cpp(144): warning C4244: 'argument' : conversion from 'fbxsdk_2013_3::FbxDouble' to 'FLOAT', possible loss of data
     1>c:\users\michael\desktop\git\render-target\importer.cpp(144): warning C4244: 'argument' : conversion from 'fbxsdk_2013_3::FbxDouble' to 'FLOAT', possible loss of data
     1>c:\users\michael\desktop\git\render-target\importer.cpp(144): warning C4244: 'argument' : conversion from 'fbxsdk_2013_3::FbxDouble' to 'FLOAT', possible loss of data
     1>c:\users\michael\desktop\git\render-target\importer.cpp(145): warning C4244: 'argument' : conversion from 'fbxsdk_2013_3::FbxDouble' to 'FLOAT', possible loss of data
     1>c:\users\michael\desktop\git\render-target\importer.cpp(145): warning C4244: 'argument' : conversion from 'fbxsdk_2013_3::FbxDouble' to 'FLOAT', possible loss of data
     1>c:\users\michael\desktop\git\render-target\importer.cpp(145): warning C4244: 'argument' : conversion from 'fbxsdk_2013_3::FbxDouble' to 'FLOAT', possible loss of data
     1>c:\users\michael\desktop\git\render-target\importer.cpp(146): warning C4244: 'argument' : conversion from 'double' to 'FLOAT', possible loss of data
     1>c:\users\michael\desktop\git\render-target\importer.cpp(146): warning C4244: 'argument' : conversion from 'fbxsdk_2013_3::FbxDouble' to 'FLOAT', possible loss of data
         Tutorial0510.cpp
         IMPORTANT NOTE: The FBX SDK API changed substantially. Please define FBXSDK_NEW_API in your project and fix compilation errors as instructed in fbxsdk_compatibility.h.
     1>c:\users\michael\desktop\git\render-target\tutorial0510.cpp(204): warning C4244: '=' : conversion from 'double' to 'float', possible loss of data
     1>c:\users\michael\desktop\git\render-target\tutorial0510.cpp(231): warning C4244: 'argument' : conversion from 'double' to 'FLOAT', possible loss of data
     1>c:\users\michael\desktop\git\render-target\tutorial0510.cpp(232): warning C4244: 'argument' : conversion from 'double' to 'FLOAT', possible loss of data
     1>c:\users\michael\desktop\git\render-target\tutorial0510.cpp(234): warning C4244: 'argument' : conversion from 'double' to 'FLOAT', possible loss of data
     1>c:\users\michael\desktop\git\render-target\tutorial0510.cpp(235): warning C4244: 'argument' : conversion from 'double' to 'FLOAT', possible loss of data
     1>c:\users\michael\desktop\git\render-target\tutorial0510.cpp(235): warning C4244: 'argument' : conversion from 'double' to 'FLOAT', possible loss of data
     1>c:\users\michael\desktop\git\render-target\tutorial0510.cpp(236): warning C4244: 'argument' : conversion from 'double' to 'FLOAT', possible loss of data
     1>c:\users\michael\desktop\git\render-target\tutorial0510.cpp(238): warning C4244: 'argument' : conversion from 'double' to 'FLOAT', possible loss of data
     1>c:\users\michael\desktop\git\render-target\tutorial0510.cpp(238): warning C4244: 'argument' : conversion from 'double' to 'FLOAT', possible loss of data
     1>c:\users\michael\desktop\git\render-target\tutorial0510.cpp(239): warning C4244: 'argument' : conversion from 'double' to 'FLOAT', possible loss of data
     1>c:\users\michael\desktop\git\render-target\tutorial0510.cpp(239): warning C4244: 'argument' : conversion from 'double' to 'FLOAT', possible loss of data
     1>c:\users\michael\desktop\git\render-target\tutorial0510.cpp(240): warning C4244: 'argument' : conversion from 'double' to 'FLOAT', possible loss of data
     1>c:\users\michael\desktop\git\render-target\tutorial0510.cpp(240): warning C4244: 'argument' : conversion from 'double' to 'FLOAT', possible loss of data
     1>c:\users\michael\desktop\git\render-target\tutorial0510.cpp(242): warning C4244: 'argument' : conversion from 'double' to 'FLOAT', possible loss of data
     1>c:\users\michael\desktop\git\render-target\tutorial0510.cpp(242): warning C4244: 'argument' : conversion from 'double' to 'FLOAT', possible loss of data
     1>c:\users\michael\desktop\git\render-target\tutorial0510.cpp(243): warning C4244: 'argument' : conversion from 'double' to 'FLOAT', possible loss of data
     1>c:\users\michael\desktop\git\render-target\tutorial0510.cpp(243): warning C4244: 'argument' : conversion from 'double' to 'FLOAT', possible loss of data
     1>c:\users\michael\desktop\git\render-target\tutorial0510.cpp(244): warning C4244: 'argument' : conversion from 'double' to 'FLOAT', possible loss of data
     1>c:\users\michael\desktop\git\render-target\tutorial0510.cpp(244): warning C4244: 'argument' : conversion from 'double' to 'FLOAT', possible loss of data
     1>c:\users\michael\desktop\git\render-target\tutorial0510.cpp(265): warning C4018: '<' : signed/unsigned mismatch
     1>c:\users\michael\desktop\git\render-target\tutorial0510.cpp(358): warning C4018: '<' : signed/unsigned mismatch
     1>c:\users\michael\desktop\git\render-target\tutorial0510.cpp(800): warning C4389: '==' : signed/unsigned mismatch
     1>c:\users\michael\desktop\git\render-target\tutorial0510.cpp(845): warning C4800: 'WPARAM' : forcing value to bool 'true' or 'false' (performance warning)
     1>c:\users\michael\desktop\git\render-target\tutorial0510.cpp(839): warning C4189: 'y' : local variable is initialized but not referenced
     1>c:\users\michael\desktop\git\render-target\tutorial0510.cpp(838): warning C4189: 'x' : local variable is initialized but not referenced
     1>c:\users\michael\desktop\git\render-target\tutorial0510.cpp(845): warning C4189: 'rightButtonDown' : local variable is initialized but not referenced
     1>c:\users\michael\desktop\git\render-target\tutorial0510.cpp(842): warning C4189: 'leftButtonDown' : local variable is initialized but not referenced
     1>c:\users\michael\desktop\git\render-target\tutorial0510.cpp(889): warning C4244: 'argument' : conversion from 'double' to 'FLOAT', possible loss of data
         Generating Code...
     1>c:\users\michael\desktop\git\render-target\importer.cpp(224): warning C4715: 'GetTexCoords' : not all control paths return a value
       ResourceCompile:
         C:\Program Files (x86)\Microsoft SDKs\Windows\v7.0A\bin\rc.exe /D _UNICODE /D UNICODE /l"0x0409" /nologo /fo"Debug\Tutorial0510.res" Tutorial0510.rc 
       ManifestResourceCompile:
         C:\Program Files (x86)\Microsoft SDKs\Windows\v7.0A\bin\rc.exe /nologo /fo"Debug\Tutorial0510.exe.embed.manifest.res" Debug\Tutorial0510_manifest.rc 
       Link:
         D:\Programs\Microsoft Visual Studio 10.0\VC\bin\link.exe /ERRORREPORT:PROMPT /OUT:"C:\Users\Michael\Desktop\Git\render-target\Debug\Tutorial0510.exe" /INCREMENTAL /NOLOGO /LIBPATH:"C:\Program Files\Autodesk\FBX\FBX SDK\2013.3\lib\vs2010\x86" "fbxsdk-2013.3d.lib" d3d10.lib d3dx10d.lib d3dx9d.lib dxerr.lib dxguid.lib winmm.lib comctl32.lib kernel32.lib user32.lib gdi32.lib winspool.lib comdlg32.lib advapi32.lib shell32.lib ole32.lib oleaut32.lib uuid.lib odbc32.lib odbccp32.lib /MANIFEST /ManifestFile:"Debug\Tutorial0510.exe.intermediate.manifest" /MANIFESTUAC:"level='asInvoker' uiAccess='false'" /DEBUG /PDB:"C:\Users\Michael\Desktop\Git\render-target\Debug\Tutorial0510.pdb" /SUBSYSTEM:WINDOWS /LARGEADDRESSAWARE /TLBID:1 /DYNAMICBASE /NXCOMPAT /IMPLIB:"C:\Users\Michael\Desktop\Git\render-target\Debug\Tutorial0510.lib" /MACHINE:X86 Debug\Tutorial0510.res
         Debug\Tutorial0510.exe.embed.manifest.res
         Debug\importer.obj
         Debug\Tutorial0510.obj  
       Manifest:
         C:\Program Files (x86)\Microsoft SDKs\Windows\v7.0A\bin\mt.exe /nologo /verbose /out:"Debug\Tutorial0510.exe.embed.manifest" /manifest Debug\Tutorial0510.exe.intermediate.manifest "D:\Programs\Microsoft Visual Studio 10.0\VC\Include\Manifest\dpiaware.manifest"
         C:\Program Files (x86)\Microsoft SDKs\Windows\v7.0A\bin\rc.exe /nologo /fo"Debug\Tutorial0510.exe.embed.manifest.res" Debug\Tutorial0510_manifest.rc 
       LinkEmbedManifest:
         D:\Programs\Microsoft Visual Studio 10.0\VC\bin\link.exe /ERRORREPORT:PROMPT /OUT:"C:\Users\Michael\Desktop\Git\render-target\Debug\Tutorial0510.exe" /INCREMENTAL /NOLOGO /LIBPATH:"C:\Program Files\Autodesk\FBX\FBX SDK\2013.3\lib\vs2010\x86" "fbxsdk-2013.3d.lib" d3d10.lib d3dx10d.lib d3dx9d.lib dxerr.lib dxguid.lib winmm.lib comctl32.lib kernel32.lib user32.lib gdi32.lib winspool.lib comdlg32.lib advapi32.lib shell32.lib ole32.lib oleaut32.lib uuid.lib odbc32.lib odbccp32.lib /MANIFEST /ManifestFile:"Debug\Tutorial0510.exe.intermediate.manifest" /MANIFESTUAC:"level='asInvoker' uiAccess='false'" /DEBUG /PDB:"C:\Users\Michael\Desktop\Git\render-target\Debug\Tutorial0510.pdb" /SUBSYSTEM:WINDOWS /LARGEADDRESSAWARE /TLBID:1 /DYNAMICBASE /NXCOMPAT /IMPLIB:"C:\Users\Michael\Desktop\Git\render-target\Debug\Tutorial0510.lib" /MACHINE:X86 Debug\Tutorial0510.res
         Debug\Tutorial0510.exe.embed.manifest.res
         Debug\importer.obj
         Debug\Tutorial0510.obj  
         Tutorial0510_2010.vcxproj -> C:\Users\Michael\Desktop\Git\render-target\Debug\Tutorial0510.exe
       FinalizeBuildStatus:
         Deleting file "Debug\Tutorial0510.unsuccessfulbuild".
         Touching "Debug\Tutorial0510.lastbuildstate".
     1>Done Building Project "C:\Users\Michael\Desktop\Git\render-target\Tutorial0510_2010.vcxproj" (build target(s)).

Build succeeded.

Time Elapsed 00:00:03.69
