C:\USERS\MICHAEL\DESKTOP\GIT\NEW FOLDER\BASIC-SHADOWMAP\DEBUG\IMPORTER.OBJ
C:\USERS\MICHAEL\DESKTOP\GIT\NEW FOLDER\BASIC-SHADOWMAP\DEBUG\TUTORIAL0510.EXE
C:\USERS\MICHAEL\DESKTOP\GIT\NEW FOLDER\BASIC-SHADOWMAP\DEBUG\TUTORIAL0510.EXE.EMBED.MANIFEST
C:\USERS\MICHAEL\DESKTOP\GIT\NEW FOLDER\BASIC-SHADOWMAP\DEBUG\TUTORIAL0510.EXE.EMBED.MANIFEST.RES
C:\USERS\MICHAEL\DESKTOP\GIT\NEW FOLDER\BASIC-SHADOWMAP\DEBUG\TUTORIAL0510.EXE.INTERMEDIATE.MANIFEST
C:\USERS\MICHAEL\DESKTOP\GIT\NEW FOLDER\BASIC-SHADOWMAP\DEBUG\TUTORIAL0510.ILK
C:\USERS\MICHAEL\DESKTOP\GIT\NEW FOLDER\BASIC-SHADOWMAP\DEBUG\TUTORIAL0510.OBJ
C:\USERS\MICHAEL\DESKTOP\GIT\NEW FOLDER\BASIC-SHADOWMAP\DEBUG\TUTORIAL0510.PDB
C:\USERS\MICHAEL\DESKTOP\GIT\NEW FOLDER\BASIC-SHADOWMAP\DEBUG\TUTORIAL0510.RES
C:\USERS\MICHAEL\DESKTOP\GIT\NEW FOLDER\BASIC-SHADOWMAP\DEBUG\VC100.PDB
C:\Users\Michael\Desktop\Git\render-target\Debug\cl.command.1.tlog
C:\Users\Michael\Desktop\Git\render-target\Debug\CL.read.1.tlog
C:\Users\Michael\Desktop\Git\render-target\Debug\CL.write.1.tlog
C:\Users\Michael\Desktop\Git\render-target\Debug\importer.obj
C:\Users\Michael\Desktop\Git\render-target\Debug\link.4916.read.1.tlog
C:\Users\Michael\Desktop\Git\render-target\Debug\link.4916.write.1.tlog
C:\Users\Michael\Desktop\Git\render-target\Debug\link.4916-cvtres.read.1.tlog
C:\Users\Michael\Desktop\Git\render-target\Debug\link.4916-cvtres.write.1.tlog
C:\Users\Michael\Desktop\Git\render-target\Debug\link.5516.read.1.tlog
C:\Users\Michael\Desktop\Git\render-target\Debug\link.5516.write.1.tlog
C:\Users\Michael\Desktop\Git\render-target\Debug\link.5516-cvtres.read.1.tlog
C:\Users\Michael\Desktop\Git\render-target\Debug\link.5516-cvtres.write.1.tlog
C:\Users\Michael\Desktop\Git\render-target\Debug\link.command.1.tlog
C:\Users\Michael\Desktop\Git\render-target\Debug\link.read.1.tlog
C:\Users\Michael\Desktop\Git\render-target\Debug\link.write.1.tlog
C:\Users\Michael\Desktop\Git\render-target\Debug\link-cvtres.read.1.tlog
C:\Users\Michael\Desktop\Git\render-target\Debug\link-cvtres.write.1.tlog
C:\Users\Michael\Desktop\Git\render-target\Debug\mt.command.1.tlog
C:\Users\Michael\Desktop\Git\render-target\Debug\mt.read.1.tlog
C:\Users\Michael\Desktop\Git\render-target\Debug\mt.write.1.tlog
C:\Users\Michael\Desktop\Git\render-target\Debug\rc.command.1.tlog
C:\Users\Michael\Desktop\Git\render-target\Debug\rc.read.1.tlog
C:\Users\Michael\Desktop\Git\render-target\Debug\rc.write.1.tlog
C:\Users\Michael\Desktop\Git\render-target\Debug\Tutorial0510.exe
C:\Users\Michael\Desktop\Git\render-target\Debug\Tutorial0510.exe.embed.manifest
C:\Users\Michael\Desktop\Git\render-target\Debug\Tutorial0510.exe.embed.manifest.res
C:\Users\Michael\Desktop\Git\render-target\Debug\Tutorial0510.exe.intermediate.manifest
C:\Users\Michael\Desktop\Git\render-target\Debug\Tutorial0510.ilk
C:\Users\Michael\Desktop\Git\render-target\Debug\Tutorial0510.obj
C:\Users\Michael\Desktop\Git\render-target\Debug\Tutorial0510.pdb
C:\Users\Michael\Desktop\Git\render-target\Debug\Tutorial0510.res
C:\Users\Michael\Desktop\Git\render-target\Debug\Tutorial0510.write.1.tlog
C:\Users\Michael\Desktop\Git\render-target\Debug\Tutorial0510_2010.vcxprojResolveAssemblyReference.cache
C:\Users\Michael\Desktop\Git\render-target\Debug\Tutorial0510_manifest.rc
C:\Users\Michael\Desktop\Git\render-target\Debug\vc100.idb
C:\Users\Michael\Desktop\Git\render-target\Debug\vc100.pdb
